1 1545-1545
2 1545-1546
3 1546-1547
4 1547-1548
5 1548-1550
6 1550-1550
7 1550-1551
8 1551-1551
9 1551-1551
10 1551-1552
11 1552-1553
12 1553-1554
13 1554-1554
14 1554-1555
15 1555-1555
16 1555-1556
17 1556-1557
18 1557-1558
19 1558-1558
20 1558-1559
21 1559-1559
22 1559-1559
23 1559-1560
24 1560-1560
25 1560-1560
26 1560-1560
27 1560-1561
28 1561-1561
29 1561-1561
30 1561-1562
31 1562-1562
32 1562-1562
33 1562-1562
34 1562-1562
35 1562-1562
36 1562-1563
37 1563-1563
38 1563-1563
39 1563-1564
40 1564-1564
41 1564-1564
42 1564-1564
43 1564-1564
44 1564-1564
45 1564-1565
46 1565-1565
47 1565-1565
48 1565-1565
49 1565-1565
50 1565-1566
51 1566-1567
